\BOOKMARK [0][-]{chapter.1}{Introducci\363n}{}% 1
\BOOKMARK [1][-]{section.1.1}{Contexto}{chapter.1}% 2
\BOOKMARK [1][-]{section.1.2}{Problem\341tica}{chapter.1}% 3
\BOOKMARK [1][-]{section.1.3}{Soluci\363n propuesta}{chapter.1}% 4
\BOOKMARK [1][-]{section.1.4}{Objetivos}{chapter.1}% 5
\BOOKMARK [2][-]{subsection.1.4.1}{General}{section.1.4}% 6
\BOOKMARK [2][-]{subsection.1.4.2}{Espec\355ficos}{section.1.4}% 7
\BOOKMARK [1][-]{section.1.5}{Justificaci\363n}{chapter.1}% 8
\BOOKMARK [0][-]{chapter.2}{Marco te\363rico}{}% 9
\BOOKMARK [1][-]{section.2.1}{Estado del arte}{chapter.2}% 10
\BOOKMARK [1][-]{section.2.2}{Sensor Kinect}{chapter.2}% 11
\BOOKMARK [2][-]{subsection.2.2.1}{Historia}{section.2.2}% 12
\BOOKMARK [2][-]{subsection.2.2.2}{Descripci\363n del hardware}{section.2.2}% 13
\BOOKMARK [2][-]{subsection.2.2.3}{Kinect SDK}{section.2.2}% 14
\BOOKMARK [2][-]{subsection.2.2.4}{Kinect SDK Open Source}{section.2.2}% 15
\BOOKMARK [3][-]{subsubsection.2.2.4.1}{OpenNI \(Open Natural Interaction\)}{subsection.2.2.4}% 16
\BOOKMARK [3][-]{subsubsection.2.2.4.2}{OpenKinect}{subsection.2.2.4}% 17
\BOOKMARK [1][-]{section.2.3}{Interfaz Natural de Usuario \(INU\)}{chapter.2}% 18
\BOOKMARK [2][-]{subsection.2.3.1}{Caracter\355sticas de una Interfaz natural de usuario}{section.2.3}% 19
\BOOKMARK [1][-]{section.2.4}{Karate Do}{chapter.2}% 20
\BOOKMARK [2][-]{subsection.2.4.1}{Calentamiento}{section.2.4}% 21
\BOOKMARK [3][-]{subsubsection.2.4.1.1}{Descripci\363n de ejercicios}{subsection.2.4.1}% 22
\BOOKMARK [2][-]{subsection.2.4.2}{T\351cnica}{section.2.4}% 23
\BOOKMARK [3][-]{subsubsection.2.4.2.1}{Descripci\363n de movimientos}{subsection.2.4.2}% 24
\BOOKMARK [1][-]{section.2.5}{E-Learning}{chapter.2}% 25
\BOOKMARK [2][-]{subsection.2.5.1}{E-Learning as\355ncrono}{section.2.5}% 26
\BOOKMARK [2][-]{subsection.2.5.2}{Beneficios del E-Learning}{section.2.5}% 27
\BOOKMARK [1][-]{section.2.6}{Algoritmo Dynamic Time Warping}{chapter.2}% 28
\BOOKMARK [0][-]{chapter.3}{Modelo de procesos de negocio}{}% 29
\BOOKMARK [1][-]{section.3.1}{Modelo actual}{chapter.3}% 30
\BOOKMARK [1][-]{section.3.2}{Modelo propuesto}{chapter.3}% 31
\BOOKMARK [0][-]{chapter.4}{An\341lisis de requerimientos}{}% 32
\BOOKMARK [1][-]{section.4.1}{Definici\363n de actores}{chapter.4}% 33
\BOOKMARK [2][-]{subsection.4.1.1}{Entrenador}{section.4.1}% 34
\BOOKMARK [2][-]{subsection.4.1.2}{Practicante}{section.4.1}% 35
\BOOKMARK [1][-]{section.4.2}{Alcance}{chapter.4}% 36
\BOOKMARK [1][-]{section.4.3}{Requerimientos funcionales}{chapter.4}% 37
\BOOKMARK [2][-]{subsection.4.3.1}{Requerimientos funcionales aplicaci\363n Entrenador}{section.4.3}% 38
\BOOKMARK [2][-]{subsection.4.3.2}{Requerimientos funcionales aplicaci\363n Practicante}{section.4.3}% 39
\BOOKMARK [1][-]{section.4.4}{Requerimientos no funcionales}{chapter.4}% 40
\BOOKMARK [2][-]{subsection.4.4.1}{Restricciones}{section.4.4}% 41
\BOOKMARK [2][-]{subsection.4.4.2}{Propiedades}{section.4.4}% 42
\BOOKMARK [1][-]{section.4.5}{Reglas de negocio}{chapter.4}% 43
\BOOKMARK [2][-]{subsection.4.5.1}{RND01 Entrenamiento completo}{section.4.5}% 44
\BOOKMARK [2][-]{subsection.4.5.2}{RND02 Conformaci\363n de rutina}{section.4.5}% 45
\BOOKMARK [2][-]{subsection.4.5.3}{RND03 Indicadores de desempe\361o}{section.4.5}% 46
\BOOKMARK [2][-]{subsection.4.5.4}{RNR01 Informaci\363n correcta}{section.4.5}% 47
\BOOKMARK [2][-]{subsection.4.5.5}{RNR02 Informaci\363n de registro del Practicante}{section.4.5}% 48
\BOOKMARK [2][-]{subsection.4.5.6}{RNR03 Informaci\363n obligatoria en registro de Practicantes}{section.4.5}% 49
\BOOKMARK [2][-]{subsection.4.5.7}{RNR04 Formato correcto de datos personales del Practicante}{section.4.5}% 50
\BOOKMARK [2][-]{subsection.4.5.8}{RNR05 Formato de nombre de usuario}{section.4.5}% 51
\BOOKMARK [2][-]{subsection.4.5.9}{RNR06 Asignaci\363n de nombre de usuario del Practicante}{section.4.5}% 52
\BOOKMARK [2][-]{subsection.4.5.10}{RNR07 Formato de correo electr\363nico}{section.4.5}% 53
\BOOKMARK [2][-]{subsection.4.5.11}{RNR08 Formato de la contrase\361a generada por la herramienta}{section.4.5}% 54
\BOOKMARK [2][-]{subsection.4.5.12}{RNR09 Formato de la contrase\361a ingresada por el Practicante}{section.4.5}% 55
\BOOKMARK [2][-]{subsection.4.5.13}{RNR10 Formato de fecha de inscripci\363n}{section.4.5}% 56
\BOOKMARK [2][-]{subsection.4.5.14}{RNR11 Env\355o de contrase\361a}{section.4.5}% 57
\BOOKMARK [2][-]{subsection.4.5.15}{RNR12 Recuperaci\363n de contrase\361a}{section.4.5}% 58
\BOOKMARK [2][-]{subsection.4.5.16}{RNR13 Registro repetido/duplicado}{section.4.5}% 59
\BOOKMARK [2][-]{subsection.4.5.17}{RNR14 Informaci\363n obligatoria en el registro de rutinas}{section.4.5}% 60
\BOOKMARK [2][-]{subsection.4.5.18}{RNR15 Formato correcto para el registro de rutinas.}{section.4.5}% 61
\BOOKMARK [2][-]{subsection.4.5.19}{RNR16 Orden de registro de rutina}{section.4.5}% 62
\BOOKMARK [2][-]{subsection.4.5.20}{RNR17 Registro m\341ximo de rutinas}{section.4.5}% 63
\BOOKMARK [2][-]{subsection.4.5.21}{RNR18 N\372mero de rutinas por semana}{section.4.5}% 64
\BOOKMARK [2][-]{subsection.4.5.22}{RNR19 D\355a de asignaci\363n de rutina}{section.4.5}% 65
\BOOKMARK [2][-]{subsection.4.5.23}{RNR20 Multiplicidad de rutinas asignadas}{section.4.5}% 66
\BOOKMARK [2][-]{subsection.4.5.24}{RNR21 Orden de realizaci\363n de rutinas}{section.4.5}% 67
\BOOKMARK [2][-]{subsection.4.5.25}{RNR22 Rutinas por d\355a}{section.4.5}% 68
\BOOKMARK [2][-]{subsection.4.5.26}{RNR23 Eliminaci\363n de Practicantes}{section.4.5}% 69
\BOOKMARK [2][-]{subsection.4.5.27}{RNR24 Eliminaci\363n de rutinas}{section.4.5}% 70
\BOOKMARK [2][-]{subsection.4.5.28}{RNR25 Formato de comentario}{section.4.5}% 71
\BOOKMARK [2][-]{subsection.4.5.29}{RNR26 Registrar comentarios}{section.4.5}% 72
\BOOKMARK [2][-]{subsection.4.5.30}{RNR27 Modificaci\363n de comentarios}{section.4.5}% 73
\BOOKMARK [2][-]{subsection.4.5.31}{RNR28 Env\355o de indicadores de desempe\361o}{section.4.5}% 74
\BOOKMARK [2][-]{subsection.4.5.32}{RNR29 Repetici\363n de rutina}{section.4.5}% 75
\BOOKMARK [2][-]{subsection.4.5.33}{RNR30 Desempe\361o de rutina realizada}{section.4.5}% 76
\BOOKMARK [2][-]{subsection.4.5.34}{RNR31 Informaci\363n obligatoria en la modificaci\363n de contrase\361a}{section.4.5}% 77
\BOOKMARK [2][-]{subsection.4.5.35}{RNR32 Informaci\363n obligatoria en el inicio de sesi\363n del Practicante}{section.4.5}% 78
\BOOKMARK [2][-]{subsection.4.5.36}{RNR33 Env\355o de indicadores de desempe\361o duplicados}{section.4.5}% 79
\BOOKMARK [2][-]{subsection.4.5.37}{RNR34 Captura de movimientos}{section.4.5}% 80
\BOOKMARK [2][-]{subsection.4.5.38}{RNR35 Modelo gu\355a para la captura}{section.4.5}% 81
\BOOKMARK [2][-]{subsection.4.5.39}{RNR36 Inicio de la captura}{section.4.5}% 82
\BOOKMARK [2][-]{subsection.4.5.40}{RNR37 Finalizaci\363n de captura}{section.4.5}% 83
\BOOKMARK [2][-]{subsection.4.5.41}{RNR38 Formato de archivo de la captura}{section.4.5}% 84
\BOOKMARK [2][-]{subsection.4.5.42}{RNR39 Animaciones en la realizaci\363n de rutinas}{section.4.5}% 85
\BOOKMARK [2][-]{subsection.4.5.43}{RNR40 Validaci\363n de movimientos}{section.4.5}% 86
\BOOKMARK [0][-]{chapter.5}{Arquitectura del software}{}% 87
\BOOKMARK [1][-]{section.5.1}{Vista de escenarios}{chapter.5}% 88
\BOOKMARK [2][-]{subsection.5.1.1}{Casos de uso aplicaci\363n Entrenador}{section.5.1}% 89
\BOOKMARK [3][-]{subsubsection.5.1.1.1}{CUE01 Registrar Practicante}{subsection.5.1.1}% 90
\BOOKMARK [3][-]{subsubsection.5.1.1.2}{CUE02 Capturar movimientos}{subsection.5.1.1}% 91
\BOOKMARK [3][-]{subsubsection.5.1.1.3}{CUE03 Visualizar rutinas}{subsection.5.1.1}% 92
\BOOKMARK [3][-]{subsubsection.5.1.1.4}{CUE03.1 Registrar rutina}{subsection.5.1.1}% 93
\BOOKMARK [3][-]{subsubsection.5.1.1.5}{CUE03.2 Modificar identificadores}{subsection.5.1.1}% 94
\BOOKMARK [3][-]{subsubsection.5.1.1.6}{CUE03.3 Dar de baja rutinas}{subsection.5.1.1}% 95
\BOOKMARK [3][-]{subsubsection.5.1.1.7}{CUE04 Visualizar Practicantes}{subsection.5.1.1}% 96
\BOOKMARK [3][-]{subsubsection.5.1.1.8}{CUE04.1 Modificar informaci\363n de Practicante}{subsection.5.1.1}% 97
\BOOKMARK [3][-]{subsubsection.5.1.1.9}{CUE04.2 Dar de baja Practicante}{subsection.5.1.1}% 98
\BOOKMARK [3][-]{subsubsection.5.1.1.10}{CUE04.3 Asignar rutinas}{subsection.5.1.1}% 99
\BOOKMARK [3][-]{subsubsection.5.1.1.11}{CUE04.4 Visualizar indicadores de desempe\361o}{subsection.5.1.1}% 100
\BOOKMARK [3][-]{subsubsection.5.1.1.12}{CUE04.4.1 Realizar comentarios}{subsection.5.1.1}% 101
\BOOKMARK [2][-]{subsection.5.1.2}{Casos de uso aplicaci\363n Practicante}{section.5.1}% 102
\BOOKMARK [3][-]{subsubsection.5.1.2.1}{CUP01 Iniciar sesi\363n}{subsection.5.1.2}% 103
\BOOKMARK [3][-]{subsubsection.5.1.2.2}{CUP01.1 Recuperar contrase\361a}{subsection.5.1.2}% 104
\BOOKMARK [3][-]{subsubsection.5.1.2.3}{CUP02 Visualizar datos personales}{subsection.5.1.2}% 105
\BOOKMARK [3][-]{subsubsection.5.1.2.4}{CUP02.1 Modificar contrase\361a}{subsection.5.1.2}% 106
\BOOKMARK [3][-]{subsubsection.5.1.2.5}{CUP03 Visualizar lista de rutinas}{subsection.5.1.2}% 107
\BOOKMARK [3][-]{subsubsection.5.1.2.6}{CUP03.1 Realizar rutina}{subsection.5.1.2}% 108
\BOOKMARK [3][-]{subsubsection.5.1.2.7}{CUP03.2 Enviar indicadores de desempe\361o}{subsection.5.1.2}% 109
\BOOKMARK [3][-]{subsubsection.5.1.2.8}{CUP04 Visualizar lista de comentarios}{subsection.5.1.2}% 110
\BOOKMARK [2][-]{subsection.5.1.3}{Dise\361o de pantallas}{section.5.1}% 111
\BOOKMARK [3][-]{subsubsection.5.1.3.1}{Entorno de trabajo}{subsection.5.1.3}% 112
\BOOKMARK [4][-]{paragraph.5.1.3.1.1}{Interfaz natural de usuario}{subsubsection.5.1.3.1}% 113
\BOOKMARK [4][-]{paragraph.5.1.3.1.2}{Men\372s}{subsubsection.5.1.3.1}% 114
\BOOKMARK [3][-]{subsubsection.5.1.3.2}{Trazabilidad}{subsection.5.1.3}% 115
\BOOKMARK [3][-]{subsubsection.5.1.3.3}{Interfaces aplicaci\363n Entrenador}{subsection.5.1.3}% 116
\BOOKMARK [4][-]{paragraph.5.1.3.3.1}{IUE01 Registrar Practicante}{subsubsection.5.1.3.3}% 117
\BOOKMARK [4][-]{paragraph.5.1.3.3.2}{IUE02 Capturar movimientos}{subsubsection.5.1.3.3}% 118
\BOOKMARK [4][-]{paragraph.5.1.3.3.3}{IUE03 Visualizar rutinas}{subsubsection.5.1.3.3}% 119
\BOOKMARK [4][-]{paragraph.5.1.3.3.4}{IUE03.1 Registrar rutina}{subsubsection.5.1.3.3}% 120
\BOOKMARK [4][-]{paragraph.5.1.3.3.5}{IUE03.2 Modificar identificadores}{subsubsection.5.1.3.3}% 121
\BOOKMARK [4][-]{paragraph.5.1.3.3.6}{IUE04 Visualizar Practicantes}{subsubsection.5.1.3.3}% 122
\BOOKMARK [4][-]{paragraph.5.1.3.3.7}{IUE04.1 Modificar informaci\363n de Practicante}{subsubsection.5.1.3.3}% 123
\BOOKMARK [4][-]{paragraph.5.1.3.3.8}{IUE04.3 Asignar rutinas}{subsubsection.5.1.3.3}% 124
\BOOKMARK [4][-]{paragraph.5.1.3.3.9}{IUE04.4 Visualizar indicadores de desempe\361o}{subsubsection.5.1.3.3}% 125
\BOOKMARK [4][-]{paragraph.5.1.3.3.10}{IUE04.4.1 Realizar comentarios}{subsubsection.5.1.3.3}% 126
\BOOKMARK [3][-]{subsubsection.5.1.3.4}{Interfaces aplicaci\363n Practicante}{subsection.5.1.3}% 127
\BOOKMARK [4][-]{paragraph.5.1.3.4.1}{IUP01 Iniciar sesi\363n}{subsubsection.5.1.3.4}% 128
\BOOKMARK [4][-]{paragraph.5.1.3.4.2}{IUP01.1 Recuperar contrase\361a}{subsubsection.5.1.3.4}% 129
\BOOKMARK [4][-]{paragraph.5.1.3.4.3}{IUP02 Visualizar datos personales}{subsubsection.5.1.3.4}% 130
\BOOKMARK [4][-]{paragraph.5.1.3.4.4}{IUP02.1 Modificar contrase\361a}{subsubsection.5.1.3.4}% 131
\BOOKMARK [4][-]{paragraph.5.1.3.4.5}{IUP03 Visualizar lista de rutinas}{subsubsection.5.1.3.4}% 132
\BOOKMARK [4][-]{paragraph.5.1.3.4.6}{IUP03.1 Realizar rutina}{subsubsection.5.1.3.4}% 133
\BOOKMARK [4][-]{paragraph.5.1.3.4.7}{IUP04 Visualizar lista de comentarios}{subsubsection.5.1.3.4}% 134
\BOOKMARK [3][-]{subsubsection.5.1.3.5}{Cat\341logo de mensajes}{subsection.5.1.3}% 135
\BOOKMARK [4][-]{paragraph.5.1.3.5.1}{MSG01 Operaci\363n realizada exitosamente}{subsubsection.5.1.3.5}% 136
\BOOKMARK [4][-]{paragraph.5.1.3.5.2}{MSG02 No existen movimientos para registrar una rutina}{subsubsection.5.1.3.5}% 137
\BOOKMARK [4][-]{paragraph.5.1.3.5.3}{MSG03 Env\355o de contrase\361a realizado exitosamente}{subsubsection.5.1.3.5}% 138
\BOOKMARK [4][-]{paragraph.5.1.3.5.4}{MSG04 Confirmar la eliminaci\363n de un elemento}{subsubsection.5.1.3.5}% 139
\BOOKMARK [4][-]{paragraph.5.1.3.5.5}{MSG05 Confirmar la eliminaci\363n de un Practicante}{subsubsection.5.1.3.5}% 140
\BOOKMARK [4][-]{paragraph.5.1.3.5.6}{MSG06 Confirmaci\363n de env\355o de desempe\361o}{subsubsection.5.1.3.5}% 141
\BOOKMARK [4][-]{paragraph.5.1.3.5.7}{MSG07 Confirmaci\363n de asignaci\363n de rutinas}{subsubsection.5.1.3.5}% 142
\BOOKMARK [4][-]{paragraph.5.1.3.5.8}{MSG08 Env\355o de contrase\361a}{subsubsection.5.1.3.5}% 143
\BOOKMARK [4][-]{paragraph.5.1.3.5.9}{MSG09 No se puede eliminar el elemento}{subsubsection.5.1.3.5}% 144
\BOOKMARK [4][-]{paragraph.5.1.3.5.10}{MSG10 Usuario y/o contrase\361a incorrectos}{subsubsection.5.1.3.5}% 145
\BOOKMARK [4][-]{paragraph.5.1.3.5.11}{MSG11 Registro repetido}{subsubsection.5.1.3.5}% 146
\BOOKMARK [4][-]{paragraph.5.1.3.5.12}{MSG12 Falta un dato obligatorio para efectuar la operaci\363n solicitada}{subsubsection.5.1.3.5}% 147
\BOOKMARK [4][-]{paragraph.5.1.3.5.13}{MSG13 Formato incorrecto}{subsubsection.5.1.3.5}% 148
\BOOKMARK [4][-]{paragraph.5.1.3.5.14}{MSG14 Las contrase\361as no coinciden}{subsubsection.5.1.3.5}% 149
\BOOKMARK [4][-]{paragraph.5.1.3.5.15}{MSG15 Contrase\361a vac\355a}{subsubsection.5.1.3.5}% 150
\BOOKMARK [4][-]{paragraph.5.1.3.5.16}{MSG16 N\372mero de elementos v\341lidos para el registro de una rutina}{subsubsection.5.1.3.5}% 151
\BOOKMARK [4][-]{paragraph.5.1.3.5.17}{MSG17 D\355a de asignaci\363n incorrecto}{subsubsection.5.1.3.5}% 152
\BOOKMARK [4][-]{paragraph.5.1.3.5.18}{MSG18 N\372mero m\355nimo de rutinas asignadas}{subsubsection.5.1.3.5}% 153
\BOOKMARK [4][-]{paragraph.5.1.3.5.19}{MSG19 Rutinas diferentes por d\355a}{subsubsection.5.1.3.5}% 154
\BOOKMARK [4][-]{paragraph.5.1.3.5.20}{MSG20 N\372mero m\341ximo de rutinas registradas permitidas}{subsubsection.5.1.3.5}% 155
\BOOKMARK [4][-]{paragraph.5.1.3.5.21}{MSG21 No se puede enviar el desempe\361o de un rutina no realizada}{subsubsection.5.1.3.5}% 156
\BOOKMARK [4][-]{paragraph.5.1.3.5.22}{MSG22 N\372mero m\341ximo de practicantes registrados permitidos}{subsubsection.5.1.3.5}% 157
\BOOKMARK [4][-]{paragraph.5.1.3.5.23}{MSG23 Asignaci\363n de rutinas por d\355a}{subsubsection.5.1.3.5}% 158
\BOOKMARK [4][-]{paragraph.5.1.3.5.24}{MSG24 Elementos mostrados incorrectamente}{subsubsection.5.1.3.5}% 159
\BOOKMARK [4][-]{paragraph.5.1.3.5.25}{MSG25 Error de conexi\363n}{subsubsection.5.1.3.5}% 160
\BOOKMARK [1][-]{section.5.2}{Vista l\363gica}{chapter.5}% 161
\BOOKMARK [2][-]{subsection.5.2.1}{Diagramas de secuencia}{section.5.2}% 162
\BOOKMARK [3][-]{subsubsection.5.2.1.1}{Diagramas de secuencia aplicaci\363n Entrenador}{subsection.5.2.1}% 163
\BOOKMARK [3][-]{subsubsection.5.2.1.2}{Diagramas de secuencia aplicaci\363n Practicante}{subsection.5.2.1}% 164
\BOOKMARK [2][-]{subsection.5.2.2}{Diagrama de clases}{section.5.2}% 165
\BOOKMARK [1][-]{section.5.3}{Vista de datos}{chapter.5}% 166
\BOOKMARK [2][-]{subsection.5.3.1}{Diagrama relacional}{section.5.3}% 167
\BOOKMARK [2][-]{subsection.5.3.2}{Diccionario de datos}{section.5.3}% 168
\BOOKMARK [1][-]{section.5.4}{Vista de desarrollo}{chapter.5}% 169
\BOOKMARK [2][-]{subsection.5.4.1}{Diagrama de componentes}{section.5.4}% 170
\BOOKMARK [1][-]{section.5.5}{Vista f\355sica}{chapter.5}% 171
\BOOKMARK [2][-]{subsection.5.5.1}{Diagrama de nodos}{section.5.5}% 172
\BOOKMARK [0][-]{chapter.6}{Implementaci\363n y pruebas}{}% 173
\BOOKMARK [1][-]{section.6.1}{Aplicaci\363n Entrenador}{chapter.6}% 174
\BOOKMARK [2][-]{subsection.6.1.1}{Introducci\363n}{section.6.1}% 175
\BOOKMARK [2][-]{subsection.6.1.2}{Gesti\363n de Practicantes}{section.6.1}% 176
\BOOKMARK [3][-]{subsubsection.6.1.2.1}{Introducci\363n}{subsection.6.1.2}% 177
\BOOKMARK [3][-]{subsubsection.6.1.2.2}{Descripci\363n}{subsection.6.1.2}% 178
\BOOKMARK [2][-]{subsection.6.1.3}{Gesti\363n de rutinas}{section.6.1}% 179
\BOOKMARK [3][-]{subsubsection.6.1.3.1}{Asignaci\363n de rutinas}{subsection.6.1.3}% 180
\BOOKMARK [3][-]{subsubsection.6.1.3.2}{Cat\341logos de ejercicios de calentamiento y movimientos de t\351cnica}{subsection.6.1.3}% 181
\BOOKMARK [2][-]{subsection.6.1.4}{Captura de Movimientos}{section.6.1}% 182
\BOOKMARK [3][-]{subsubsection.6.1.4.1}{Introducci\363n}{subsection.6.1.4}% 183
\BOOKMARK [3][-]{subsubsection.6.1.4.2}{M\351todo de captura}{subsection.6.1.4}% 184
\BOOKMARK [3][-]{subsubsection.6.1.4.3}{Determinaci\363n del umbral}{subsection.6.1.4}% 185
\BOOKMARK [3][-]{subsubsection.6.1.4.4}{Errores y problemas de hardware}{subsection.6.1.4}% 186
\BOOKMARK [1][-]{section.6.2}{Aplicaci\363n Practicante}{chapter.6}% 187
\BOOKMARK [2][-]{subsection.6.2.1}{Introducci\363n}{section.6.2}% 188
\BOOKMARK [2][-]{subsection.6.2.2}{Visualizar comentarios y desempe\361o general}{section.6.2}% 189
\BOOKMARK [2][-]{subsection.6.2.3}{Captura y validaci\363n de movimientos}{section.6.2}% 190
\BOOKMARK [3][-]{subsubsection.6.2.3.1}{Introducci\363n}{subsection.6.2.3}% 191
\BOOKMARK [3][-]{subsubsection.6.2.3.2}{Animaciones}{subsection.6.2.3}% 192
\BOOKMARK [3][-]{subsubsection.6.2.3.3}{Implementaci\363n del algoritmo DTW}{subsection.6.2.3}% 193
\BOOKMARK [3][-]{subsubsection.6.2.3.4}{Pruebas}{subsection.6.2.3}% 194
\BOOKMARK [0][-]{chapter.7}{Conclusiones}{}% 195
\BOOKMARK [0][-]{chapter.8}{Trabajo a futuro}{}% 196
\BOOKMARK [0][-]{appendix.Alph1}{Anexos}{}% 197
\BOOKMARK [1][-]{section.Alph1.1}{Encuesta}{appendix.Alph1}% 198
